<?xml version="1.0" encoding="UTF-8"?>
<testsuite name="org.douggschwind.games.dicegames.boggle.WordTreeTest" tests="1" skipped="0" failures="0" errors="0" timestamp="2022-12-13T06:43:38" hostname="LAPTOP-GOCSKIF4" time="0.002">
  <properties/>
  <testcase name="comprehensiveTest" classname="org.douggschwind.games.dicegames.boggle.WordTreeTest" time="0.002"/>
  <system-out><![CDATA[]]></system-out>
  <system-err><![CDATA[]]></system-err>
</testsuite>
