<?xml version="1.0" encoding="UTF-8"?>
<testsuite name="org.douggschwind.games.cardgames.common.FrenchSuitedPlayingCardTest" tests="9" skipped="0" failures="0" errors="0" timestamp="2022-12-13T06:43:38" hostname="LAPTOP-GOCSKIF4" time="0.006">
  <properties/>
  <testcase name="testHasHigherRank" classname="org.douggschwind.games.cardgames.common.FrenchSuitedPlayingCardTest" time="0.001"/>
  <testcase name="testBeats" classname="org.douggschwind.games.cardgames.common.FrenchSuitedPlayingCardTest" time="0.0"/>
  <testcase name="testHasLowerRank" classname="org.douggschwind.games.cardgames.common.FrenchSuitedPlayingCardTest" time="0.0"/>
  <testcase name="testGetDistinctCardKinds2" classname="org.douggschwind.games.cardgames.common.FrenchSuitedPlayingCardTest" time="0.0"/>
  <testcase name="testGetDistinctCardKinds3" classname="org.douggschwind.games.cardgames.common.FrenchSuitedPlayingCardTest" time="0.0"/>
  <testcase name="testGetDistinctCardKinds4" classname="org.douggschwind.games.cardgames.common.FrenchSuitedPlayingCardTest" time="0.001"/>
  <testcase name="testGetDistinctCardKinds5" classname="org.douggschwind.games.cardgames.common.FrenchSuitedPlayingCardTest" time="0.0"/>
  <testcase name="testEquals" classname="org.douggschwind.games.cardgames.common.FrenchSuitedPlayingCardTest" time="0.0"/>
  <testcase name="testNotEquals" classname="org.douggschwind.games.cardgames.common.FrenchSuitedPlayingCardTest" time="0.001"/>
  <system-out><![CDATA[]]></system-out>
  <system-err><![CDATA[]]></system-err>
</testsuite>
