<?xml version="1.0" encoding="UTF-8"?>
<testsuite name="org.douggschwind.games.cardgames.wildcardpoker.OneEyedJacksHandStrengthTest" tests="35" skipped="0" failures="0" errors="0" timestamp="2022-12-13T06:31:34" hostname="LAPTOP-GOCSKIF4" time="0.013">
  <properties/>
  <testcase name="testDetermineHandStrengthFlushViaTwoWildCards1" classname="org.douggschwind.games.cardgames.wildcardpoker.OneEyedJacksHandStrengthTest" time="0.001"/>
  <testcase name="testDetermineHandStrengthFlushViaTwoWildCards2" classname="org.douggschwind.games.cardgames.wildcardpoker.OneEyedJacksHandStrengthTest" time="0.001"/>
  <testcase name="testDetermineHandStrengthInsideStraightViaOneWildCard" classname="org.douggschwind.games.cardgames.wildcardpoker.OneEyedJacksHandStrengthTest" time="0.0"/>
  <testcase name="testDetermineHandStrengthAceLowStraightViaOneWildCard1" classname="org.douggschwind.games.cardgames.wildcardpoker.OneEyedJacksHandStrengthTest" time="0.001"/>
  <testcase name="testDetermineHandStrengthAceLowStraightViaOneWildCard2" classname="org.douggschwind.games.cardgames.wildcardpoker.OneEyedJacksHandStrengthTest" time="0.0"/>
  <testcase name="testDetermineHandStrengthThreeOfAKindViaTwoWildCards" classname="org.douggschwind.games.cardgames.wildcardpoker.OneEyedJacksHandStrengthTest" time="0.0"/>
  <testcase name="testDetermineHandStrengthThreeOfAKindViaOneWildCard" classname="org.douggschwind.games.cardgames.wildcardpoker.OneEyedJacksHandStrengthTest" time="0.0"/>
  <testcase name="testDetermineHandStrengthOutsideStraightViaTwoWildCards" classname="org.douggschwind.games.cardgames.wildcardpoker.OneEyedJacksHandStrengthTest" time="0.0"/>
  <testcase name="testDetermineHandStrengthOutsideStraightViaOneWildCard" classname="org.douggschwind.games.cardgames.wildcardpoker.OneEyedJacksHandStrengthTest" time="0.0"/>
  <testcase name="testDetermineHandStrengthFourOfAKindViaOneWildCard1" classname="org.douggschwind.games.cardgames.wildcardpoker.OneEyedJacksHandStrengthTest" time="0.0"/>
  <testcase name="testDetermineHandStrengthFourOfAKindViaOneWildCard2" classname="org.douggschwind.games.cardgames.wildcardpoker.OneEyedJacksHandStrengthTest" time="0.0"/>
  <testcase name="testDetermineHandStrengthFiveOfAKindViaTwoWildCards" classname="org.douggschwind.games.cardgames.wildcardpoker.OneEyedJacksHandStrengthTest" time="0.001"/>
  <testcase name="testDetermineHandStrengthFiveOfAKindViaOneWildCard" classname="org.douggschwind.games.cardgames.wildcardpoker.OneEyedJacksHandStrengthTest" time="0.0"/>
  <testcase name="testDetermineHandStrengthRoyalFlushViaOneWildCard1" classname="org.douggschwind.games.cardgames.wildcardpoker.OneEyedJacksHandStrengthTest" time="0.0"/>
  <testcase name="testDetermineHandStrengthRoyalFlushViaOneWildCard2" classname="org.douggschwind.games.cardgames.wildcardpoker.OneEyedJacksHandStrengthTest" time="0.0"/>
  <testcase name="testDetermineHandStrengthFourOfAKindViaTwoWildCards1" classname="org.douggschwind.games.cardgames.wildcardpoker.OneEyedJacksHandStrengthTest" time="0.001"/>
  <testcase name="testDetermineHandStrengthFourOfAKindViaTwoWildCards2" classname="org.douggschwind.games.cardgames.wildcardpoker.OneEyedJacksHandStrengthTest" time="0.0"/>
  <testcase name="testDetermineHandStrengthInsideStraightViaTwoWildCards" classname="org.douggschwind.games.cardgames.wildcardpoker.OneEyedJacksHandStrengthTest" time="0.0"/>
  <testcase name="testDetermineHandStrengthAceLowStraightFlushViaOneWildCard" classname="org.douggschwind.games.cardgames.wildcardpoker.OneEyedJacksHandStrengthTest" time="0.0"/>
  <testcase name="testDetermineHandStrengthOutsideStraightFlushViaTwoWildCards" classname="org.douggschwind.games.cardgames.wildcardpoker.OneEyedJacksHandStrengthTest" time="0.0"/>
  <testcase name="testDetermineHandStrengthNaturalRoyalFlush" classname="org.douggschwind.games.cardgames.wildcardpoker.OneEyedJacksHandStrengthTest" time="0.001"/>
  <testcase name="testDetermineHandStrengthAceLowStraightFlushViaTwoWildCards" classname="org.douggschwind.games.cardgames.wildcardpoker.OneEyedJacksHandStrengthTest" time="0.0"/>
  <testcase name="testDetermineHandStrengthPairViaOneWildCard1" classname="org.douggschwind.games.cardgames.wildcardpoker.OneEyedJacksHandStrengthTest" time="0.0"/>
  <testcase name="testDetermineHandStrengthPairViaOneWildCard2" classname="org.douggschwind.games.cardgames.wildcardpoker.OneEyedJacksHandStrengthTest" time="0.0"/>
  <testcase name="testDetermineHandStrengthPairViaOneWildCard3" classname="org.douggschwind.games.cardgames.wildcardpoker.OneEyedJacksHandStrengthTest" time="0.001"/>
  <testcase name="testDetermineHandStrengthPairViaOneWildCard4" classname="org.douggschwind.games.cardgames.wildcardpoker.OneEyedJacksHandStrengthTest" time="0.0"/>
  <testcase name="testDetermineHandStrengthOutsideStraightFlushViaOneWildCard" classname="org.douggschwind.games.cardgames.wildcardpoker.OneEyedJacksHandStrengthTest" time="0.001"/>
  <testcase name="testDetermineHandStrengthFullHouseViaOneWildCard" classname="org.douggschwind.games.cardgames.wildcardpoker.OneEyedJacksHandStrengthTest" time="0.0"/>
  <testcase name="testDetermineHandStrengthInsideStraightFlushViaTwoWildCards" classname="org.douggschwind.games.cardgames.wildcardpoker.OneEyedJacksHandStrengthTest" time="0.0"/>
  <testcase name="testDetermineHandStrengthInsideStraightFlushViaOneWildCard" classname="org.douggschwind.games.cardgames.wildcardpoker.OneEyedJacksHandStrengthTest" time="0.001"/>
  <testcase name="testDetermineHandStrengthRoyalFlushViaTwoWildCards1" classname="org.douggschwind.games.cardgames.wildcardpoker.OneEyedJacksHandStrengthTest" time="0.0"/>
  <testcase name="testDetermineHandStrengthRoyalFlushViaTwoWildCards2" classname="org.douggschwind.games.cardgames.wildcardpoker.OneEyedJacksHandStrengthTest" time="0.0"/>
  <testcase name="testDetermineHandStrengthRoyalFlushViaTwoWildCards3" classname="org.douggschwind.games.cardgames.wildcardpoker.OneEyedJacksHandStrengthTest" time="0.0"/>
  <testcase name="testDetermineHandStrengthFlushViaOneWildCard1" classname="org.douggschwind.games.cardgames.wildcardpoker.OneEyedJacksHandStrengthTest" time="0.001"/>
  <testcase name="testDetermineHandStrengthFlushViaOneWildCard2" classname="org.douggschwind.games.cardgames.wildcardpoker.OneEyedJacksHandStrengthTest" time="0.0"/>
  <system-out><![CDATA[]]></system-out>
  <system-err><![CDATA[]]></system-err>
</testsuite>
