<?xml version="1.0" encoding="UTF-8"?>
<testsuite name="org.douggschwind.games.cardgames.euchre.ClassicEuchreTest" tests="2" skipped="0" failures="0" errors="0" timestamp="2022-12-13T06:43:38" hostname="LAPTOP-GOCSKIF4" time="0.013">
  <properties/>
  <testcase name="testPlayersAllGetDistinctCards" classname="org.douggschwind.games.cardgames.euchre.ClassicEuchreTest" time="0.012"/>
  <testcase name="testHand" classname="org.douggschwind.games.cardgames.euchre.ClassicEuchreTest" time="0.0"/>
  <system-out><![CDATA[]]></system-out>
  <system-err><![CDATA[]]></system-err>
</testsuite>
