<?xml version="1.0" encoding="UTF-8"?>
<testsuite name="org.douggschwind.games.boardgames.monopoly.PlayerTest" tests="6" skipped="0" failures="0" errors="0" timestamp="2022-12-13T06:31:34" hostname="LAPTOP-GOCSKIF4" time="0.044">
  <properties/>
  <testcase name="testReceivePayment" classname="org.douggschwind.games.boardgames.monopoly.PlayerTest" time="0.008"/>
  <testcase name="testAcceptOwnership" classname="org.douggschwind.games.boardgames.monopoly.PlayerTest" time="0.029"/>
  <testcase name="testInitialBankAccountBalance" classname="org.douggschwind.games.boardgames.monopoly.PlayerTest" time="0.0"/>
  <testcase name="testCanPayBillWithCash" classname="org.douggschwind.games.boardgames.monopoly.PlayerTest" time="0.001"/>
  <testcase name="testMakePayment" classname="org.douggschwind.games.boardgames.monopoly.PlayerTest" time="0.0"/>
  <testcase name="testRollDice" classname="org.douggschwind.games.boardgames.monopoly.PlayerTest" time="0.005"/>
  <system-out><![CDATA[]]></system-out>
  <system-err><![CDATA[]]></system-err>
</testsuite>
