<?xml version="1.0" encoding="UTF-8"?>
<testsuite name="org.douggschwind.games.cardgames.common.PlayerTest" tests="3" skipped="0" failures="0" errors="0" timestamp="2022-12-13T06:43:38" hostname="LAPTOP-GOCSKIF4" time="0.003">
  <properties/>
  <testcase name="testPlayerNotEquals" classname="org.douggschwind.games.cardgames.common.PlayerTest" time="0.002"/>
  <testcase name="testPlayerEquals" classname="org.douggschwind.games.cardgames.common.PlayerTest" time="0.0"/>
  <testcase name="testNewHand" classname="org.douggschwind.games.cardgames.common.PlayerTest" time="0.0"/>
  <system-out><![CDATA[]]></system-out>
  <system-err><![CDATA[]]></system-err>
</testsuite>
