<?xml version="1.0" encoding="UTF-8"?>
<testsuite name="org.douggschwind.games.common.DeckOfCardsTest" tests="1" skipped="0" failures="0" errors="0" timestamp="2022-12-13T06:31:35" hostname="LAPTOP-GOCSKIF4" time="0.0">
  <properties/>
  <testcase name="testDeckOfCardsLifecycle" classname="org.douggschwind.games.common.DeckOfCardsTest" time="0.0"/>
  <system-out><![CDATA[]]></system-out>
  <system-err><![CDATA[]]></system-err>
</testsuite>
