<?xml version="1.0" encoding="UTF-8"?>
<testsuite name="org.douggschwind.games.cardgames.poker.WesternTestThreePlayers" tests="12" skipped="0" failures="0" errors="0" timestamp="2022-12-13T06:31:34" hostname="LAPTOP-GOCSKIF4" time="0.011">
  <properties/>
  <testcase name="testDetermineWinnersTwoMatchingStraightFlushHands" classname="org.douggschwind.games.cardgames.poker.WesternTestThreePlayers" time="0.003"/>
  <testcase name="testDetermineWinnersThreeVeryCloseHighCardHands" classname="org.douggschwind.games.cardgames.poker.WesternTestThreePlayers" time="0.003"/>
  <testcase name="testDetermineWinnersTwoMatchingRoyalFlushHands" classname="org.douggschwind.games.cardgames.poker.WesternTestThreePlayers" time="0.0"/>
  <testcase name="testDetermineWinnersThreeMatchingStraightFlushHands" classname="org.douggschwind.games.cardgames.poker.WesternTestThreePlayers" time="0.0"/>
  <testcase name="testDetermineWinnersThreeMatchingRoyalFlushHands" classname="org.douggschwind.games.cardgames.poker.WesternTestThreePlayers" time="0.001"/>
  <testcase name="testDetermineWinnersThreeMatchingHighCardHands" classname="org.douggschwind.games.cardgames.poker.WesternTestThreePlayers" time="0.0"/>
  <testcase name="testDetermineWinnersAllFullHouseHands" classname="org.douggschwind.games.cardgames.poker.WesternTestThreePlayers" time="0.001"/>
  <testcase name="testDetermineWinnersAscendingStrengthHands" classname="org.douggschwind.games.cardgames.poker.WesternTestThreePlayers" time="0.001"/>
  <testcase name="testDetermineWinnersThreeVeryCloseFlushHands" classname="org.douggschwind.games.cardgames.poker.WesternTestThreePlayers" time="0.0"/>
  <testcase name="testDetermineWinnersAllFourOfAKindHands" classname="org.douggschwind.games.cardgames.poker.WesternTestThreePlayers" time="0.001"/>
  <testcase name="testDetermineWinnersDescendingStrengthHands" classname="org.douggschwind.games.cardgames.poker.WesternTestThreePlayers" time="0.0"/>
  <testcase name="testDetermineWinnersThreeMatchingFlushHands" classname="org.douggschwind.games.cardgames.poker.WesternTestThreePlayers" time="0.0"/>
  <system-out><![CDATA[]]></system-out>
  <system-err><![CDATA[]]></system-err>
</testsuite>
