<?xml version="1.0" encoding="UTF-8"?>
<testsuite name="org.douggschwind.games.boardgames.monopoly.PlayerTest" tests="6" skipped="0" failures="0" errors="0" timestamp="2022-12-13T06:43:38" hostname="LAPTOP-GOCSKIF4" time="0.034">
  <properties/>
  <testcase name="testReceivePayment" classname="org.douggschwind.games.boardgames.monopoly.PlayerTest" time="0.007"/>
  <testcase name="testAcceptOwnership" classname="org.douggschwind.games.boardgames.monopoly.PlayerTest" time="0.021"/>
  <testcase name="testInitialBankAccountBalance" classname="org.douggschwind.games.boardgames.monopoly.PlayerTest" time="0.0"/>
  <testcase name="testCanPayBillWithCash" classname="org.douggschwind.games.boardgames.monopoly.PlayerTest" time="0.001"/>
  <testcase name="testMakePayment" classname="org.douggschwind.games.boardgames.monopoly.PlayerTest" time="0.0"/>
  <testcase name="testRollDice" classname="org.douggschwind.games.boardgames.monopoly.PlayerTest" time="0.004"/>
  <system-out><![CDATA[]]></system-out>
  <system-err><![CDATA[]]></system-err>
</testsuite>
